<?xml version="1.0" encoding="UTF-8"?>
<!-- Generated by org.testng.reporters.JUnitReportReporter -->
<testsuite hostname="DESKTOP-V3061FL" failures="0" tests="4" name="test.TC002_LoginTest" time="75.565" errors="0" timestamp="2024-03-28T13:58:54 IST" skipped="0">
  <testcase classname="test.TC002_LoginTest" name="loginTest" time="30.100"/>
  <testcase classname="test.TC002_LoginTest" name="loginTest" time="12.938"/>
  <testcase classname="test.TC002_LoginTest" name="loginTest" time="18.880"/>
  <testcase classname="test.TC002_LoginTest" name="loginTest" time="13.647"/>
</testsuite> <!-- test.TC002_LoginTest -->
