<?xml version="1.0" encoding="UTF-8"?>
<!-- Generated by org.testng.reporters.JUnitReportReporter -->
<testsuite hostname="DESKTOP-V3061FL" failures="0" tests="1" name="test.TC005_MenuValidation" time="32.355" errors="0" timestamp="2024-03-28T13:58:54 IST" skipped="0">
  <testcase classname="test.TC005_MenuValidation" name="menuValidation" time="32.355"/>
</testsuite> <!-- test.TC005_MenuValidation -->
